0 info it worked if it ends with ok
1 verbose cli [ 'C:\\Program Files (x86)\\nodejs\\node.exe',
1 verbose cli   'C:\\Program Files (x86)\\nodejs\\node_modules\\npm\\bin\\npm-cli.js',
1 verbose cli   'run',
1 verbose cli   'start' ]
2 info using npm@3.9.5
3 info using node@v6.2.2
4 verbose run-script [ 'prestart', 'start', 'poststart' ]
5 info lifecycle production-compress@1.0.0~prestart: production-compress@1.0.0
6 silly lifecycle production-compress@1.0.0~prestart: no script for prestart, continuing
7 info lifecycle production-compress@1.0.0~start: production-compress@1.0.0
8 verbose lifecycle production-compress@1.0.0~start: unsafe-perm in lifecycle true
9 verbose lifecycle production-compress@1.0.0~start: PATH: C:\Program Files (x86)\nodejs\node_modules\npm\bin\node-gyp-bin;W:\ix\trunk\ixviewer2\WebContent\ixviewer\gulp\node_modules\.bin;C:\Program Files (x86)\nodejs;C:\Users\sharmade\AppData\Roaming\npm;C:\Program Files (x86)\nodejs\;C:\Program Files (x86)\Intel\Intel(R) Management Engine Components\iCLS\;C:\Program Files\Intel\Intel(R) Management Engine Components\iCLS\;C:\Program Files (x86)\Common Files\Oracle\Java\javapath;C:\windows\system32;C:\windows;C:\windows\System32\Wbem;C:\windows\System32\WindowsPowerShell\v1.0\;C:\Program Files (x86)\HID Global\ActivClient\;C:\Program Files\HID Global\ActivClient\;C:\Program Files (x86)\Enterprise Vault\EVClient\;C:\Program Files (x86)\Sennheiser\SoftphoneSDK\;C:\Program Files (x86)\Intel\Intel(R) Management Engine Components\DAL;C:\Program Files\Intel\Intel(R) Management Engine Components\DAL;C:\Program Files\Citrix\System32\;C:\Program Files\Citrix\ICAService\;C:\Program Files\TortoiseSVN\bin;C:\Program Files (x86)\nodejs\;C:\Users\sharmade\AppData\Local\Microsoft\WindowsApps;
10 verbose lifecycle production-compress@1.0.0~start: CWD: W:\ix\trunk\ixviewer2\WebContent\ixviewer\gulp
11 silly lifecycle production-compress@1.0.0~start: Args: [ '/d /s /c', 'node ./node_modules/gulp/bin/gulp.js' ]
12 silly lifecycle production-compress@1.0.0~start: Returned: code: 1  signal: null
13 info lifecycle production-compress@1.0.0~start: Failed to exec start script
14 verbose stack Error: production-compress@1.0.0 start: `node ./node_modules/gulp/bin/gulp.js`
14 verbose stack Exit status 1
14 verbose stack     at EventEmitter.<anonymous> (C:\Program Files (x86)\nodejs\node_modules\npm\lib\utils\lifecycle.js:245:16)
14 verbose stack     at emitTwo (events.js:106:13)
14 verbose stack     at EventEmitter.emit (events.js:191:7)
14 verbose stack     at ChildProcess.<anonymous> (C:\Program Files (x86)\nodejs\node_modules\npm\lib\utils\spawn.js:24:14)
14 verbose stack     at emitTwo (events.js:106:13)
14 verbose stack     at ChildProcess.emit (events.js:191:7)
14 verbose stack     at maybeClose (internal/child_process.js:852:16)
14 verbose stack     at Process.ChildProcess._handle.onexit (internal/child_process.js:215:5)
15 verbose pkgid production-compress@1.0.0
16 verbose cwd W:\ix\trunk\ixviewer2\WebContent\ixviewer\gulp
17 error Windows_NT 10.0.16299
18 error argv "C:\\Program Files (x86)\\nodejs\\node.exe" "C:\\Program Files (x86)\\nodejs\\node_modules\\npm\\bin\\npm-cli.js" "run" "start"
19 error node v6.2.2
20 error npm  v3.9.5
21 error code ELIFECYCLE
22 error production-compress@1.0.0 start: `node ./node_modules/gulp/bin/gulp.js`
22 error Exit status 1
23 error Failed at the production-compress@1.0.0 start script 'node ./node_modules/gulp/bin/gulp.js'.
23 error Make sure you have the latest version of node.js and npm installed.
23 error If you do, this is most likely a problem with the production-compress package,
23 error not with npm itself.
23 error Tell the author that this fails on your system:
23 error     node ./node_modules/gulp/bin/gulp.js
23 error You can get information on how to open an issue for this project with:
23 error     npm bugs production-compress
23 error Or if that isn't available, you can get their info via:
23 error     npm owner ls production-compress
23 error There is likely additional logging output above.
24 verbose exit [ 1, true ]
